<?xml version="1.0" encoding="UTF-8"?>
<!-- Generated by org.testng.reporters.JUnitReportReporter -->
<testsuite hostname="DESKTOP-OA0DH91" failures="0" tests="4" name="hrms_tests.Login_testscript" time="36.076" errors="0" timestamp="2026-09-19T11:25:54 IST" skipped="0">
  <testcase classname="hrms_tests.Login_testscript" name="wrongPasswordTest" time="15.232"/>
  <testcase classname="hrms_tests.Login_testscript" name="invalidLoginTest" time="9.052"/>
  <testcase classname="hrms_tests.Login_testscript" name="emptyLoginTest" time="6.862"/>
  <testcase classname="hrms_tests.Login_testscript" name="validLoginTest" time="4.930"/>
</testsuite> <!-- hrms_tests.Login_testscript -->
