<?xml version="1.0" encoding="UTF-8"?>
<testng-results ignored="0" total="4" passed="4" failed="0" skipped="0">
  <reporter-output>
  </reporter-output>
  <suite started-at="2026-09-19T11:25:17 IST" name="Default suite" finished-at="2026-09-19T11:25:53 IST" duration-ms="36191">
    <groups>
    </groups>
    <test started-at="2026-09-19T11:25:17 IST" name="Default test" finished-at="2026-09-19T11:25:53 IST" duration-ms="36191">
      <class name="hrms_tests.Login_testscript">
        <test-method is-config="true" signature="setUp()[pri:0, instance:hrms_tests.Login_testscript@15c43bd9]" started-at="2026-09-19T11:25:17 IST" name="setUp" finished-at="2026-09-19T11:25:23 IST" duration-ms="6031" status="PASS">
          <reporter-output>
          </reporter-output>
        </test-method> <!-- setUp -->
        <test-method signature="wrongPasswordTest()[pri:0, instance:hrms_tests.Login_testscript@15c43bd9]" started-at="2026-09-19T11:25:23 IST" name="wrongPasswordTest" finished-at="2026-09-19T11:25:32 IST" duration-ms="8927" status="PASS">
          <reporter-output>
          </reporter-output>
        </test-method> <!-- wrongPasswordTest -->
        <test-method is-config="true" signature="tearDown()[pri:0, instance:hrms_tests.Login_testscript@15c43bd9]" started-at="2026-09-19T11:25:32 IST" name="tearDown" finished-at="2026-09-19T11:25:33 IST" duration-ms="298" status="PASS">
          <reporter-output>
          </reporter-output>
        </test-method> <!-- tearDown -->
        <test-method is-config="true" signature="setUp()[pri:0, instance:hrms_tests.Login_testscript@15c43bd9]" started-at="2026-09-19T11:25:33 IST" name="setUp" finished-at="2026-09-19T11:25:33 IST" duration-ms="826" status="PASS">
          <reporter-output>
          </reporter-output>
        </test-method> <!-- setUp -->
        <test-method signature="invalidLoginTest()[pri:1, instance:hrms_tests.Login_testscript@15c43bd9]" started-at="2026-09-19T11:25:33 IST" name="invalidLoginTest" finished-at="2026-09-19T11:25:41 IST" duration-ms="7909" status="PASS">
          <reporter-output>
          </reporter-output>
        </test-method> <!-- invalidLoginTest -->
        <test-method is-config="true" signature="tearDown()[pri:0, instance:hrms_tests.Login_testscript@15c43bd9]" started-at="2026-09-19T11:25:41 IST" name="tearDown" finished-at="2026-09-19T11:25:42 IST" duration-ms="313" status="PASS">
          <reporter-output>
          </reporter-output>
        </test-method> <!-- tearDown -->
        <test-method is-config="true" signature="setUp()[pri:0, instance:hrms_tests.Login_testscript@15c43bd9]" started-at="2026-09-19T11:25:42 IST" name="setUp" finished-at="2026-09-19T11:25:42 IST" duration-ms="819" status="PASS">
          <reporter-output>
          </reporter-output>
        </test-method> <!-- setUp -->
        <test-method signature="emptyLoginTest()[pri:3, instance:hrms_tests.Login_testscript@15c43bd9]" started-at="2026-09-19T11:25:42 IST" name="emptyLoginTest" finished-at="2026-09-19T11:25:48 IST" duration-ms="5745" status="PASS">
          <reporter-output>
          </reporter-output>
        </test-method> <!-- emptyLoginTest -->
        <test-method is-config="true" signature="tearDown()[pri:0, instance:hrms_tests.Login_testscript@15c43bd9]" started-at="2026-09-19T11:25:48 IST" name="tearDown" finished-at="2026-09-19T11:25:48 IST" duration-ms="282" status="PASS">
          <reporter-output>
          </reporter-output>
        </test-method> <!-- tearDown -->
        <test-method is-config="true" signature="setUp()[pri:0, instance:hrms_tests.Login_testscript@15c43bd9]" started-at="2026-09-19T11:25:48 IST" name="setUp" finished-at="2026-09-19T11:25:49 IST" duration-ms="830" status="PASS">
          <reporter-output>
          </reporter-output>
        </test-method> <!-- setUp -->
        <test-method signature="validLoginTest()[pri:4, instance:hrms_tests.Login_testscript@15c43bd9]" started-at="2026-09-19T11:25:49 IST" name="validLoginTest" finished-at="2026-09-19T11:25:53 IST" duration-ms="3822" status="PASS">
          <reporter-output>
          </reporter-output>
        </test-method> <!-- validLoginTest -->
        <test-method is-config="true" signature="tearDown()[pri:0, instance:hrms_tests.Login_testscript@15c43bd9]" started-at="2026-09-19T11:25:53 IST" name="tearDown" finished-at="2026-09-19T11:25:53 IST" duration-ms="274" status="PASS">
          <reporter-output>
          </reporter-output>
        </test-method> <!-- tearDown -->
      </class> <!-- hrms_tests.Login_testscript -->
    </test> <!-- Default test -->
  </suite> <!-- Default suite -->
</testng-results>
