<?xml version="1.0" encoding="UTF-8"?>
<!-- Generated by org.testng.reporters.JUnitXMLReporter -->
<testsuite ignored="0" hostname="DESKTOP-OA0DH91" failures="0" tests="4" name="Default test" time="36.191" errors="0" timestamp="2026-09-19T11:25:53 IST">
  <testcase classname="hrms_tests.Login_testscript" name="wrongPasswordTest" time="8.927"/>
  <testcase classname="hrms_tests.Login_testscript" name="invalidLoginTest" time="7.909"/>
  <testcase classname="hrms_tests.Login_testscript" name="emptyLoginTest" time="5.745"/>
  <testcase classname="hrms_tests.Login_testscript" name="validLoginTest" time="3.822"/>
</testsuite> <!-- Default test -->
